{"D:\\Users\\LENOVO\\Phase-3\\LaundFazzBE\\app.js": {"path":"D:\\Users\\LENOVO\\Phase-3\\LaundFazzBE\\app.js","statementMap":{"0":{"start":{"line":1,"column":0},"end":{"line":3,"column":1}},"1":{"start":{"line":2,"column":2},"end":{"line":2,"column":29}},"2":{"start":{"line":5,"column":16},"end":{"line":5,"column":34}},"3":{"start":{"line":6,"column":21},"end":{"line":6,"column":58}},"4":{"start":{"line":7,"column":12},"end":{"line":7,"column":21}},"5":{"start":{"line":8,"column":13},"end":{"line":8,"column":28}},"6":{"start":{"line":9,"column":15},"end":{"line":9,"column":34}},"7":{"start":{"line":11,"column":0},"end":{"line":11,"column":15}},"8":{"start":{"line":12,"column":0},"end":{"line":12,"column":24}},"9":{"start":{"line":13,"column":0},"end":{"line":13,"column":48}},"10":{"start":{"line":15,"column":0},"end":{"line":15,"column":20}},"11":{"start":{"line":17,"column":0},"end":{"line":17,"column":21}},"12":{"start":{"line":19,"column":0},"end":{"line":19,"column":20}}},"fnMap":{},"branchMap":{"0":{"loc":{"start":{"line":1,"column":0},"end":{"line":3,"column":1}},"type":"if","locations":[{"start":{"line":1,"column":0},"end":{"line":3,"column":1}},{"start":{},"end":{}}],"line":1}},"s":{"0":1,"1":0,"2":1,"3":1,"4":1,"5":1,"6":1,"7":1,"8":1,"9":1,"10":1,"11":1,"12":1},"f":{},"b":{"0":[0,1]},"_coverageSchema":"1a1c01bbd47fc00a2c39e90264f33305004495a9","hash":"d243945c5a5e717aa0bf1aca5030323a6a6504c2"}
,"D:\\Users\\LENOVO\\Phase-3\\LaundFazzBE\\controllers\\customers.js": {"path":"D:\\Users\\LENOVO\\Phase-3\\LaundFazzBE\\controllers\\customers.js","statementMap":{"0":{"start":{"line":1,"column":24},"end":{"line":1,"column":56}},"1":{"start":{"line":2,"column":21},"end":{"line":2,"column":41}},"2":{"start":{"line":3,"column":22},"end":{"line":3,"column":47}},"3":{"start":{"line":4,"column":20},"end":{"line":4,"column":48}},"4":{"start":{"line":8,"column":4},"end":{"line":8,"column":24}},"5":{"start":{"line":12,"column":14},"end":{"line":12,"column":43}},"6":{"start":{"line":13,"column":4},"end":{"line":45,"column":5}},"7":{"start":{"line":14,"column":62},"end":{"line":14,"column":70}},"8":{"start":{"line":15,"column":24},"end":{"line":24,"column":7}},"9":{"start":{"line":26,"column":6},"end":{"line":26,"column":23}},"10":{"start":{"line":27,"column":24},"end":{"line":32,"column":7}},"11":{"start":{"line":34,"column":6},"end":{"line":40,"column":9}},"12":{"start":{"line":35,"column":8},"end":{"line":39,"column":9}},"13":{"start":{"line":36,"column":10},"end":{"line":36,"column":46}},"14":{"start":{"line":38,"column":10},"end":{"line":38,"column":53}},"15":{"start":{"line":41,"column":6},"end":{"line":41,"column":40}},"16":{"start":{"line":43,"column":6},"end":{"line":43,"column":25}},"17":{"start":{"line":44,"column":6},"end":{"line":44,"column":18}},"18":{"start":{"line":49,"column":4},"end":{"line":85,"column":5}},"19":{"start":{"line":50,"column":34},"end":{"line":50,"column":42}},"20":{"start":{"line":52,"column":6},"end":{"line":52,"column":67}},"21":{"start":{"line":52,"column":31},"end":{"line":52,"column":67}},"22":{"start":{"line":54,"column":21},"end":{"line":58,"column":8}},"23":{"start":{"line":60,"column":6},"end":{"line":64,"column":7}},"24":{"start":{"line":61,"column":8},"end":{"line":63,"column":10}},"25":{"start":{"line":66,"column":30},"end":{"line":66,"column":66}},"26":{"start":{"line":68,"column":6},"end":{"line":72,"column":7}},"27":{"start":{"line":69,"column":8},"end":{"line":71,"column":10}},"28":{"start":{"line":74,"column":22},"end":{"line":78,"column":7}},"29":{"start":{"line":80,"column":20},"end":{"line":80,"column":38}},"30":{"start":{"line":82,"column":6},"end":{"line":82,"column":52}},"31":{"start":{"line":84,"column":6},"end":{"line":84,"column":18}},"32":{"start":{"line":89,"column":4},"end":{"line":105,"column":5}},"33":{"start":{"line":90,"column":29},"end":{"line":90,"column":41}},"34":{"start":{"line":91,"column":23},"end":{"line":96,"column":8}},"35":{"start":{"line":97,"column":6},"end":{"line":101,"column":7}},"36":{"start":{"line":98,"column":8},"end":{"line":100,"column":10}},"37":{"start":{"line":102,"column":6},"end":{"line":102,"column":37}},"38":{"start":{"line":104,"column":6},"end":{"line":104,"column":18}},"39":{"start":{"line":109,"column":14},"end":{"line":109,"column":43}},"40":{"start":{"line":110,"column":4},"end":{"line":124,"column":5}},"41":{"start":{"line":111,"column":29},"end":{"line":111,"column":41}},"42":{"start":{"line":112,"column":23},"end":{"line":117,"column":8}},"43":{"start":{"line":119,"column":6},"end":{"line":119,"column":23}},"44":{"start":{"line":120,"column":6},"end":{"line":120,"column":60}},"45":{"start":{"line":122,"column":6},"end":{"line":122,"column":25}},"46":{"start":{"line":123,"column":6},"end":{"line":123,"column":18}},"47":{"start":{"line":128,"column":0},"end":{"line":128,"column":28}}},"fnMap":{"0":{"name":"(anonymous_0)","decl":{"start":{"line":11,"column":2},"end":{"line":11,"column":3}},"loc":{"start":{"line":11,"column":40},"end":{"line":46,"column":3}},"line":11},"1":{"name":"(anonymous_1)","decl":{"start":{"line":34,"column":40},"end":{"line":34,"column":41}},"loc":{"start":{"line":34,"column":55},"end":{"line":40,"column":7}},"line":34},"2":{"name":"(anonymous_2)","decl":{"start":{"line":48,"column":2},"end":{"line":48,"column":3}},"loc":{"start":{"line":48,"column":37},"end":{"line":86,"column":3}},"line":48},"3":{"name":"(anonymous_3)","decl":{"start":{"line":88,"column":2},"end":{"line":88,"column":3}},"loc":{"start":{"line":88,"column":39},"end":{"line":106,"column":3}},"line":88},"4":{"name":"(anonymous_4)","decl":{"start":{"line":108,"column":2},"end":{"line":108,"column":3}},"loc":{"start":{"line":108,"column":42},"end":{"line":125,"column":3}},"line":108}},"branchMap":{"0":{"loc":{"start":{"line":35,"column":8},"end":{"line":39,"column":9}},"type":"if","locations":[{"start":{"line":35,"column":8},"end":{"line":39,"column":9}},{"start":{"line":37,"column":15},"end":{"line":39,"column":9}}],"line":35},"1":{"loc":{"start":{"line":52,"column":6},"end":{"line":52,"column":67}},"type":"if","locations":[{"start":{"line":52,"column":6},"end":{"line":52,"column":67}},{"start":{},"end":{}}],"line":52},"2":{"loc":{"start":{"line":52,"column":10},"end":{"line":52,"column":29}},"type":"binary-expr","locations":[{"start":{"line":52,"column":10},"end":{"line":52,"column":16}},{"start":{"line":52,"column":20},"end":{"line":52,"column":29}}],"line":52},"3":{"loc":{"start":{"line":60,"column":6},"end":{"line":64,"column":7}},"type":"if","locations":[{"start":{"line":60,"column":6},"end":{"line":64,"column":7}},{"start":{},"end":{}}],"line":60},"4":{"loc":{"start":{"line":68,"column":6},"end":{"line":72,"column":7}},"type":"if","locations":[{"start":{"line":68,"column":6},"end":{"line":72,"column":7}},{"start":{},"end":{}}],"line":68},"5":{"loc":{"start":{"line":97,"column":6},"end":{"line":101,"column":7}},"type":"if","locations":[{"start":{"line":97,"column":6},"end":{"line":101,"column":7}},{"start":{},"end":{}}],"line":97}},"s":{"0":1,"1":1,"2":1,"3":1,"4":1,"5":5,"6":5,"7":5,"8":5,"9":1,"10":1,"11":1,"12":0,"13":0,"14":0,"15":1,"16":4,"17":4,"18":3,"19":3,"20":3,"21":0,"22":3,"23":3,"24":2,"25":1,"26":1,"27":0,"28":1,"29":1,"30":1,"31":2,"32":0,"33":0,"34":0,"35":0,"36":0,"37":0,"38":0,"39":0,"40":0,"41":0,"42":0,"43":0,"44":0,"45":0,"46":0,"47":1},"f":{"0":5,"1":0,"2":3,"3":0,"4":0},"b":{"0":[0,0],"1":[0,3],"2":[3,3],"3":[2,1],"4":[0,1],"5":[0,0]},"_coverageSchema":"1a1c01bbd47fc00a2c39e90264f33305004495a9","hash":"ef8417b48dcb527a481ca72caf2c90d38c03c63c"}
,"D:\\Users\\LENOVO\\Phase-3\\LaundFazzBE\\controllers\\stores.js": {"path":"D:\\Users\\LENOVO\\Phase-3\\LaundFazzBE\\controllers\\stores.js","statementMap":{"0":{"start":{"line":1,"column":18},"end":{"line":1,"column":38}},"1":{"start":{"line":2,"column":22},"end":{"line":2,"column":47}},"2":{"start":{"line":3,"column":20},"end":{"line":3,"column":48}},"3":{"start":{"line":7,"column":4},"end":{"line":7,"column":24}},"4":{"start":{"line":11,"column":14},"end":{"line":11,"column":43}},"5":{"start":{"line":12,"column":4},"end":{"line":29,"column":5}},"6":{"start":{"line":13,"column":50},"end":{"line":13,"column":58}},"7":{"start":{"line":14,"column":21},"end":{"line":22,"column":7}},"8":{"start":{"line":24,"column":6},"end":{"line":24,"column":23}},"9":{"start":{"line":25,"column":6},"end":{"line":25,"column":37}},"10":{"start":{"line":27,"column":6},"end":{"line":27,"column":25}},"11":{"start":{"line":28,"column":6},"end":{"line":28,"column":18}},"12":{"start":{"line":33,"column":4},"end":{"line":69,"column":5}},"13":{"start":{"line":34,"column":34},"end":{"line":34,"column":42}},"14":{"start":{"line":36,"column":6},"end":{"line":36,"column":68}},"15":{"start":{"line":36,"column":31},"end":{"line":36,"column":68}},"16":{"start":{"line":38,"column":18},"end":{"line":42,"column":8}},"17":{"start":{"line":44,"column":6},"end":{"line":48,"column":7}},"18":{"start":{"line":45,"column":8},"end":{"line":47,"column":10}},"19":{"start":{"line":50,"column":30},"end":{"line":50,"column":63}},"20":{"start":{"line":52,"column":6},"end":{"line":56,"column":7}},"21":{"start":{"line":53,"column":8},"end":{"line":55,"column":10}},"22":{"start":{"line":58,"column":22},"end":{"line":62,"column":7}},"23":{"start":{"line":64,"column":20},"end":{"line":64,"column":38}},"24":{"start":{"line":66,"column":6},"end":{"line":66,"column":52}},"25":{"start":{"line":68,"column":6},"end":{"line":68,"column":18}},"26":{"start":{"line":73,"column":4},"end":{"line":89,"column":5}},"27":{"start":{"line":74,"column":26},"end":{"line":74,"column":35}},"28":{"start":{"line":75,"column":20},"end":{"line":80,"column":8}},"29":{"start":{"line":81,"column":6},"end":{"line":85,"column":7}},"30":{"start":{"line":82,"column":8},"end":{"line":84,"column":10}},"31":{"start":{"line":86,"column":6},"end":{"line":86,"column":34}},"32":{"start":{"line":88,"column":6},"end":{"line":88,"column":18}},"33":{"start":{"line":93,"column":14},"end":{"line":93,"column":43}},"34":{"start":{"line":94,"column":4},"end":{"line":108,"column":5}},"35":{"start":{"line":95,"column":26},"end":{"line":95,"column":35}},"36":{"start":{"line":96,"column":20},"end":{"line":101,"column":8}},"37":{"start":{"line":103,"column":6},"end":{"line":103,"column":23}},"38":{"start":{"line":104,"column":6},"end":{"line":104,"column":57}},"39":{"start":{"line":106,"column":6},"end":{"line":106,"column":25}},"40":{"start":{"line":107,"column":6},"end":{"line":107,"column":18}},"41":{"start":{"line":112,"column":0},"end":{"line":112,"column":28}}},"fnMap":{"0":{"name":"(anonymous_0)","decl":{"start":{"line":10,"column":2},"end":{"line":10,"column":3}},"loc":{"start":{"line":10,"column":40},"end":{"line":30,"column":3}},"line":10},"1":{"name":"(anonymous_1)","decl":{"start":{"line":32,"column":2},"end":{"line":32,"column":3}},"loc":{"start":{"line":32,"column":37},"end":{"line":70,"column":3}},"line":32},"2":{"name":"(anonymous_2)","decl":{"start":{"line":72,"column":2},"end":{"line":72,"column":3}},"loc":{"start":{"line":72,"column":39},"end":{"line":90,"column":3}},"line":72},"3":{"name":"(anonymous_3)","decl":{"start":{"line":92,"column":2},"end":{"line":92,"column":3}},"loc":{"start":{"line":92,"column":43},"end":{"line":109,"column":3}},"line":92}},"branchMap":{"0":{"loc":{"start":{"line":36,"column":6},"end":{"line":36,"column":68}},"type":"if","locations":[{"start":{"line":36,"column":6},"end":{"line":36,"column":68}},{"start":{},"end":{}}],"line":36},"1":{"loc":{"start":{"line":36,"column":10},"end":{"line":36,"column":29}},"type":"binary-expr","locations":[{"start":{"line":36,"column":10},"end":{"line":36,"column":16}},{"start":{"line":36,"column":20},"end":{"line":36,"column":29}}],"line":36},"2":{"loc":{"start":{"line":44,"column":6},"end":{"line":48,"column":7}},"type":"if","locations":[{"start":{"line":44,"column":6},"end":{"line":48,"column":7}},{"start":{},"end":{}}],"line":44},"3":{"loc":{"start":{"line":52,"column":6},"end":{"line":56,"column":7}},"type":"if","locations":[{"start":{"line":52,"column":6},"end":{"line":56,"column":7}},{"start":{},"end":{}}],"line":52},"4":{"loc":{"start":{"line":81,"column":6},"end":{"line":85,"column":7}},"type":"if","locations":[{"start":{"line":81,"column":6},"end":{"line":85,"column":7}},{"start":{},"end":{}}],"line":81}},"s":{"0":1,"1":1,"2":1,"3":1,"4":0,"5":0,"6":0,"7":0,"8":0,"9":0,"10":0,"11":0,"12":0,"13":0,"14":0,"15":0,"16":0,"17":0,"18":0,"19":0,"20":0,"21":0,"22":0,"23":0,"24":0,"25":0,"26":0,"27":0,"28":0,"29":0,"30":0,"31":0,"32":0,"33":0,"34":0,"35":0,"36":0,"37":0,"38":0,"39":0,"40":0,"41":1},"f":{"0":0,"1":0,"2":0,"3":0},"b":{"0":[0,0],"1":[0,0],"2":[0,0],"3":[0,0],"4":[0,0]},"_coverageSchema":"1a1c01bbd47fc00a2c39e90264f33305004495a9","hash":"b49bf26900a5170c0f381983bfb4c5e73a7641f0"}
,"D:\\Users\\LENOVO\\Phase-3\\LaundFazzBE\\controllers\\transaction.js": {"path":"D:\\Users\\LENOVO\\Phase-3\\LaundFazzBE\\controllers\\transaction.js","statementMap":{"0":{"start":{"line":1,"column":24},"end":{"line":1,"column":44}},"1":{"start":{"line":5,"column":4},"end":{"line":5,"column":24}},"2":{"start":{"line":9,"column":14},"end":{"line":9,"column":43}},"3":{"start":{"line":10,"column":4},"end":{"line":28,"column":5}},"4":{"start":{"line":11,"column":48},"end":{"line":11,"column":56}},"5":{"start":{"line":12,"column":29},"end":{"line":12,"column":41}},"6":{"start":{"line":13,"column":27},"end":{"line":21,"column":7}},"7":{"start":{"line":23,"column":6},"end":{"line":23,"column":23}},"8":{"start":{"line":24,"column":6},"end":{"line":24,"column":43}},"9":{"start":{"line":26,"column":6},"end":{"line":26,"column":25}},"10":{"start":{"line":27,"column":6},"end":{"line":27,"column":18}},"11":{"start":{"line":32,"column":4},"end":{"line":40,"column":5}},"12":{"start":{"line":33,"column":27},"end":{"line":35,"column":8}},"13":{"start":{"line":37,"column":6},"end":{"line":37,"column":41}},"14":{"start":{"line":39,"column":6},"end":{"line":39,"column":18}},"15":{"start":{"line":44,"column":4},"end":{"line":56,"column":5}},"16":{"start":{"line":45,"column":29},"end":{"line":45,"column":41}},"17":{"start":{"line":46,"column":27},"end":{"line":51,"column":8}},"18":{"start":{"line":53,"column":6},"end":{"line":53,"column":41}},"19":{"start":{"line":55,"column":6},"end":{"line":55,"column":18}},"20":{"start":{"line":60,"column":4},"end":{"line":76,"column":5}},"21":{"start":{"line":61,"column":32},"end":{"line":61,"column":42}},"22":{"start":{"line":62,"column":26},"end":{"line":67,"column":8}},"23":{"start":{"line":68,"column":6},"end":{"line":72,"column":7}},"24":{"start":{"line":69,"column":8},"end":{"line":71,"column":10}},"25":{"start":{"line":73,"column":6},"end":{"line":73,"column":40}},"26":{"start":{"line":75,"column":6},"end":{"line":75,"column":18}},"27":{"start":{"line":80,"column":14},"end":{"line":80,"column":43}},"28":{"start":{"line":81,"column":4},"end":{"line":115,"column":5}},"29":{"start":{"line":82,"column":59},"end":{"line":82,"column":67}},"30":{"start":{"line":83,"column":32},"end":{"line":83,"column":42}},"31":{"start":{"line":85,"column":26},"end":{"line":85,"column":67}},"32":{"start":{"line":87,"column":6},"end":{"line":89,"column":7}},"33":{"start":{"line":88,"column":8},"end":{"line":88,"column":46}},"34":{"start":{"line":91,"column":27},"end":{"line":105,"column":7}},"35":{"start":{"line":107,"column":6},"end":{"line":107,"column":23}},"36":{"start":{"line":108,"column":6},"end":{"line":111,"column":9}},"37":{"start":{"line":113,"column":6},"end":{"line":113,"column":25}},"38":{"start":{"line":114,"column":6},"end":{"line":114,"column":18}},"39":{"start":{"line":119,"column":14},"end":{"line":119,"column":43}},"40":{"start":{"line":120,"column":4},"end":{"line":141,"column":5}},"41":{"start":{"line":121,"column":32},"end":{"line":121,"column":42}},"42":{"start":{"line":123,"column":26},"end":{"line":123,"column":67}},"43":{"start":{"line":125,"column":6},"end":{"line":127,"column":7}},"44":{"start":{"line":126,"column":8},"end":{"line":126,"column":46}},"45":{"start":{"line":129,"column":6},"end":{"line":134,"column":9}},"46":{"start":{"line":136,"column":6},"end":{"line":136,"column":23}},"47":{"start":{"line":137,"column":6},"end":{"line":137,"column":63}},"48":{"start":{"line":139,"column":6},"end":{"line":139,"column":25}},"49":{"start":{"line":140,"column":6},"end":{"line":140,"column":18}},"50":{"start":{"line":145,"column":0},"end":{"line":145,"column":28}}},"fnMap":{"0":{"name":"(anonymous_0)","decl":{"start":{"line":8,"column":2},"end":{"line":8,"column":3}},"loc":{"start":{"line":8,"column":46},"end":{"line":29,"column":3}},"line":8},"1":{"name":"(anonymous_1)","decl":{"start":{"line":31,"column":2},"end":{"line":31,"column":3}},"loc":{"start":{"line":31,"column":47},"end":{"line":41,"column":3}},"line":31},"2":{"name":"(anonymous_2)","decl":{"start":{"line":43,"column":2},"end":{"line":43,"column":3}},"loc":{"start":{"line":43,"column":51},"end":{"line":57,"column":3}},"line":43},"3":{"name":"(anonymous_3)","decl":{"start":{"line":59,"column":2},"end":{"line":59,"column":3}},"loc":{"start":{"line":59,"column":50},"end":{"line":77,"column":3}},"line":59},"4":{"name":"(anonymous_4)","decl":{"start":{"line":79,"column":2},"end":{"line":79,"column":3}},"loc":{"start":{"line":79,"column":47},"end":{"line":116,"column":3}},"line":79},"5":{"name":"(anonymous_5)","decl":{"start":{"line":118,"column":2},"end":{"line":118,"column":3}},"loc":{"start":{"line":118,"column":49},"end":{"line":142,"column":3}},"line":118}},"branchMap":{"0":{"loc":{"start":{"line":68,"column":6},"end":{"line":72,"column":7}},"type":"if","locations":[{"start":{"line":68,"column":6},"end":{"line":72,"column":7}},{"start":{},"end":{}}],"line":68},"1":{"loc":{"start":{"line":87,"column":6},"end":{"line":89,"column":7}},"type":"if","locations":[{"start":{"line":87,"column":6},"end":{"line":89,"column":7}},{"start":{},"end":{}}],"line":87},"2":{"loc":{"start":{"line":125,"column":6},"end":{"line":127,"column":7}},"type":"if","locations":[{"start":{"line":125,"column":6},"end":{"line":127,"column":7}},{"start":{},"end":{}}],"line":125}},"s":{"0":1,"1":1,"2":0,"3":0,"4":0,"5":0,"6":0,"7":0,"8":0,"9":0,"10":0,"11":0,"12":0,"13":0,"14":0,"15":0,"16":0,"17":0,"18":0,"19":0,"20":0,"21":0,"22":0,"23":0,"24":0,"25":0,"26":0,"27":0,"28":0,"29":0,"30":0,"31":0,"32":0,"33":0,"34":0,"35":0,"36":0,"37":0,"38":0,"39":0,"40":0,"41":0,"42":0,"43":0,"44":0,"45":0,"46":0,"47":0,"48":0,"49":0,"50":1},"f":{"0":0,"1":0,"2":0,"3":0,"4":0,"5":0},"b":{"0":[0,0],"1":[0,0],"2":[0,0]},"_coverageSchema":"1a1c01bbd47fc00a2c39e90264f33305004495a9","hash":"3ee4c636498ea694653489e0cfc49a1a7d70deb7"}
,"D:\\Users\\LENOVO\\Phase-3\\LaundFazzBE\\helpers\\bcrypt.js": {"path":"D:\\Users\\LENOVO\\Phase-3\\LaundFazzBE\\helpers\\bcrypt.js","statementMap":{"0":{"start":{"line":1,"column":15},"end":{"line":1,"column":32}},"1":{"start":{"line":4,"column":2},"end":{"line":4,"column":39}},"2":{"start":{"line":8,"column":2},"end":{"line":8,"column":52}},"3":{"start":{"line":11,"column":0},"end":{"line":11,"column":35}}},"fnMap":{"0":{"name":"hash","decl":{"start":{"line":3,"column":9},"end":{"line":3,"column":13}},"loc":{"start":{"line":3,"column":24},"end":{"line":5,"column":1}},"line":3},"1":{"name":"compare","decl":{"start":{"line":7,"column":9},"end":{"line":7,"column":16}},"loc":{"start":{"line":7,"column":41},"end":{"line":9,"column":1}},"line":7}},"branchMap":{},"s":{"0":1,"1":2,"2":1,"3":1},"f":{"0":2,"1":1},"b":{},"_coverageSchema":"1a1c01bbd47fc00a2c39e90264f33305004495a9","hash":"c08c939e935db2872be5477fcd6c6698cb6a5827"}
,"D:\\Users\\LENOVO\\Phase-3\\LaundFazzBE\\helpers\\jwt.js": {"path":"D:\\Users\\LENOVO\\Phase-3\\LaundFazzBE\\helpers\\jwt.js","statementMap":{"0":{"start":{"line":1,"column":12},"end":{"line":1,"column":35}},"1":{"start":{"line":2,"column":15},"end":{"line":2,"column":53}},"2":{"start":{"line":5,"column":2},"end":{"line":5,"column":35}},"3":{"start":{"line":9,"column":2},"end":{"line":9,"column":35}},"4":{"start":{"line":12,"column":0},"end":{"line":12,"column":44}}},"fnMap":{"0":{"name":"signToken","decl":{"start":{"line":4,"column":9},"end":{"line":4,"column":18}},"loc":{"start":{"line":4,"column":28},"end":{"line":6,"column":1}},"line":4},"1":{"name":"verifyToken","decl":{"start":{"line":8,"column":9},"end":{"line":8,"column":20}},"loc":{"start":{"line":8,"column":28},"end":{"line":10,"column":1}},"line":8}},"branchMap":{"0":{"loc":{"start":{"line":2,"column":15},"end":{"line":2,"column":53}},"type":"binary-expr","locations":[{"start":{"line":2,"column":15},"end":{"line":2,"column":41}},{"start":{"line":2,"column":45},"end":{"line":2,"column":53}}],"line":2}},"s":{"0":1,"1":1,"2":1,"3":0,"4":1},"f":{"0":1,"1":0},"b":{"0":[1,1]},"_coverageSchema":"1a1c01bbd47fc00a2c39e90264f33305004495a9","hash":"ff17d9692ee395ea3488548d2a1ed57eae7436fd"}
,"D:\\Users\\LENOVO\\Phase-3\\LaundFazzBE\\helpers\\nodemailer.js": {"path":"D:\\Users\\LENOVO\\Phase-3\\LaundFazzBE\\helpers\\nodemailer.js","statementMap":{"0":{"start":{"line":1,"column":19},"end":{"line":1,"column":40}},"1":{"start":{"line":2,"column":18},"end":{"line":8,"column":2}},"2":{"start":{"line":10,"column":0},"end":{"line":12,"column":1}}},"fnMap":{},"branchMap":{},"s":{"0":1,"1":1,"2":1},"f":{},"b":{},"_coverageSchema":"1a1c01bbd47fc00a2c39e90264f33305004495a9","hash":"970894ce5b366ea0aefec57f1bfe4dc8006c0b3a"}
,"D:\\Users\\LENOVO\\Phase-3\\LaundFazzBE\\middlewares\\custTransactionAuthz.js": {"path":"D:\\Users\\LENOVO\\Phase-3\\LaundFazzBE\\middlewares\\custTransactionAuthz.js","statementMap":{"0":{"start":{"line":1,"column":24},"end":{"line":1,"column":44}},"1":{"start":{"line":3,"column":22},"end":{"line":24,"column":1}},"2":{"start":{"line":4,"column":2},"end":{"line":23,"column":3}},"3":{"start":{"line":5,"column":27},"end":{"line":5,"column":39}},"4":{"start":{"line":7,"column":17},"end":{"line":11,"column":6}},"5":{"start":{"line":12,"column":4},"end":{"line":14,"column":5}},"6":{"start":{"line":13,"column":6},"end":{"line":13,"column":52}},"7":{"start":{"line":16,"column":4},"end":{"line":18,"column":5}},"8":{"start":{"line":17,"column":6},"end":{"line":17,"column":51}},"9":{"start":{"line":20,"column":4},"end":{"line":20,"column":11}},"10":{"start":{"line":22,"column":4},"end":{"line":22,"column":16}},"11":{"start":{"line":26,"column":0},"end":{"line":26,"column":31}}},"fnMap":{"0":{"name":"(anonymous_0)","decl":{"start":{"line":3,"column":22},"end":{"line":3,"column":23}},"loc":{"start":{"line":3,"column":48},"end":{"line":24,"column":1}},"line":3}},"branchMap":{"0":{"loc":{"start":{"line":12,"column":4},"end":{"line":14,"column":5}},"type":"if","locations":[{"start":{"line":12,"column":4},"end":{"line":14,"column":5}},{"start":{},"end":{}}],"line":12},"1":{"loc":{"start":{"line":16,"column":4},"end":{"line":18,"column":5}},"type":"if","locations":[{"start":{"line":16,"column":4},"end":{"line":18,"column":5}},{"start":{},"end":{}}],"line":16}},"s":{"0":1,"1":1,"2":0,"3":0,"4":0,"5":0,"6":0,"7":0,"8":0,"9":0,"10":0,"11":1},"f":{"0":0},"b":{"0":[0,0],"1":[0,0]},"_coverageSchema":"1a1c01bbd47fc00a2c39e90264f33305004495a9","hash":"c85588f7de88e867eb0e1f18e9a78e56e94d0dbf"}
,"D:\\Users\\LENOVO\\Phase-3\\LaundFazzBE\\middlewares\\customerAuthc.js": {"path":"D:\\Users\\LENOVO\\Phase-3\\LaundFazzBE\\middlewares\\customerAuthc.js","statementMap":{"0":{"start":{"line":1,"column":24},"end":{"line":1,"column":49}},"1":{"start":{"line":2,"column":21},"end":{"line":2,"column":41}},"2":{"start":{"line":4,"column":21},"end":{"line":26,"column":1}},"3":{"start":{"line":5,"column":2},"end":{"line":25,"column":3}},"4":{"start":{"line":6,"column":29},"end":{"line":6,"column":40}},"5":{"start":{"line":7,"column":20},"end":{"line":7,"column":45}},"6":{"start":{"line":9,"column":21},"end":{"line":9,"column":64}},"7":{"start":{"line":10,"column":4},"end":{"line":14,"column":5}},"8":{"start":{"line":11,"column":6},"end":{"line":13,"column":8}},"9":{"start":{"line":16,"column":4},"end":{"line":20,"column":6}},"10":{"start":{"line":22,"column":4},"end":{"line":22,"column":11}},"11":{"start":{"line":24,"column":4},"end":{"line":24,"column":16}},"12":{"start":{"line":28,"column":0},"end":{"line":28,"column":32}}},"fnMap":{"0":{"name":"(anonymous_0)","decl":{"start":{"line":4,"column":21},"end":{"line":4,"column":22}},"loc":{"start":{"line":4,"column":47},"end":{"line":26,"column":1}},"line":4}},"branchMap":{"0":{"loc":{"start":{"line":10,"column":4},"end":{"line":14,"column":5}},"type":"if","locations":[{"start":{"line":10,"column":4},"end":{"line":14,"column":5}},{"start":{},"end":{}}],"line":10}},"s":{"0":1,"1":1,"2":1,"3":0,"4":0,"5":0,"6":0,"7":0,"8":0,"9":0,"10":0,"11":0,"12":1},"f":{"0":0},"b":{"0":[0,0]},"_coverageSchema":"1a1c01bbd47fc00a2c39e90264f33305004495a9","hash":"c77504a3e563f26da3984257c822e24ada7f4dfa"}
,"D:\\Users\\LENOVO\\Phase-3\\LaundFazzBE\\middlewares\\customerAuthz.js": {"path":"D:\\Users\\LENOVO\\Phase-3\\LaundFazzBE\\middlewares\\customerAuthz.js","statementMap":{"0":{"start":{"line":1,"column":21},"end":{"line":1,"column":41}},"1":{"start":{"line":3,"column":22},"end":{"line":20,"column":1}},"2":{"start":{"line":4,"column":2},"end":{"line":19,"column":3}},"3":{"start":{"line":5,"column":27},"end":{"line":5,"column":39}},"4":{"start":{"line":7,"column":17},"end":{"line":7,"column":52}},"5":{"start":{"line":8,"column":4},"end":{"line":10,"column":5}},"6":{"start":{"line":9,"column":6},"end":{"line":9,"column":45}},"7":{"start":{"line":12,"column":4},"end":{"line":14,"column":5}},"8":{"start":{"line":13,"column":6},"end":{"line":13,"column":44}},"9":{"start":{"line":16,"column":4},"end":{"line":16,"column":11}},"10":{"start":{"line":18,"column":4},"end":{"line":18,"column":16}},"11":{"start":{"line":22,"column":0},"end":{"line":22,"column":31}}},"fnMap":{"0":{"name":"(anonymous_0)","decl":{"start":{"line":3,"column":22},"end":{"line":3,"column":23}},"loc":{"start":{"line":3,"column":48},"end":{"line":20,"column":1}},"line":3}},"branchMap":{"0":{"loc":{"start":{"line":8,"column":4},"end":{"line":10,"column":5}},"type":"if","locations":[{"start":{"line":8,"column":4},"end":{"line":10,"column":5}},{"start":{},"end":{}}],"line":8},"1":{"loc":{"start":{"line":12,"column":4},"end":{"line":14,"column":5}},"type":"if","locations":[{"start":{"line":12,"column":4},"end":{"line":14,"column":5}},{"start":{},"end":{}}],"line":12}},"s":{"0":1,"1":1,"2":0,"3":0,"4":0,"5":0,"6":0,"7":0,"8":0,"9":0,"10":0,"11":1},"f":{"0":0},"b":{"0":[0,0],"1":[0,0]},"_coverageSchema":"1a1c01bbd47fc00a2c39e90264f33305004495a9","hash":"75ff918797346b63a87cb7accef0855aa71bd25b"}
,"D:\\Users\\LENOVO\\Phase-3\\LaundFazzBE\\middlewares\\errorHandler.js": {"path":"D:\\Users\\LENOVO\\Phase-3\\LaundFazzBE\\middlewares\\errorHandler.js","statementMap":{"0":{"start":{"line":2,"column":2},"end":{"line":2,"column":46}},"1":{"start":{"line":4,"column":15},"end":{"line":4,"column":17}},"2":{"start":{"line":5,"column":2},"end":{"line":65,"column":3}},"3":{"start":{"line":7,"column":6},"end":{"line":9,"column":9}},"4":{"start":{"line":8,"column":8},"end":{"line":8,"column":31}},"5":{"start":{"line":10,"column":6},"end":{"line":10,"column":46}},"6":{"start":{"line":11,"column":6},"end":{"line":11,"column":18}},"7":{"start":{"line":12,"column":6},"end":{"line":12,"column":12}},"8":{"start":{"line":14,"column":6},"end":{"line":16,"column":9}},"9":{"start":{"line":15,"column":8},"end":{"line":15,"column":31}},"10":{"start":{"line":17,"column":6},"end":{"line":17,"column":46}},"11":{"start":{"line":18,"column":6},"end":{"line":18,"column":18}},"12":{"start":{"line":19,"column":6},"end":{"line":19,"column":12}},"13":{"start":{"line":21,"column":6},"end":{"line":21,"column":55}},"14":{"start":{"line":22,"column":6},"end":{"line":22,"column":12}},"15":{"start":{"line":24,"column":6},"end":{"line":24,"column":55}},"16":{"start":{"line":25,"column":6},"end":{"line":25,"column":12}},"17":{"start":{"line":27,"column":6},"end":{"line":27,"column":67}},"18":{"start":{"line":28,"column":6},"end":{"line":28,"column":12}},"19":{"start":{"line":30,"column":6},"end":{"line":30,"column":64}},"20":{"start":{"line":31,"column":6},"end":{"line":31,"column":12}},"21":{"start":{"line":33,"column":6},"end":{"line":33,"column":74}},"22":{"start":{"line":34,"column":6},"end":{"line":34,"column":12}},"23":{"start":{"line":36,"column":6},"end":{"line":36,"column":74}},"24":{"start":{"line":37,"column":6},"end":{"line":37,"column":12}},"25":{"start":{"line":39,"column":6},"end":{"line":39,"column":74}},"26":{"start":{"line":40,"column":6},"end":{"line":40,"column":12}},"27":{"start":{"line":42,"column":6},"end":{"line":42,"column":60}},"28":{"start":{"line":43,"column":6},"end":{"line":43,"column":12}},"29":{"start":{"line":45,"column":6},"end":{"line":45,"column":57}},"30":{"start":{"line":46,"column":6},"end":{"line":46,"column":12}},"31":{"start":{"line":48,"column":6},"end":{"line":48,"column":63}},"32":{"start":{"line":49,"column":6},"end":{"line":49,"column":12}},"33":{"start":{"line":51,"column":6},"end":{"line":51,"column":74}},"34":{"start":{"line":52,"column":6},"end":{"line":52,"column":12}},"35":{"start":{"line":54,"column":6},"end":{"line":54,"column":72}},"36":{"start":{"line":55,"column":6},"end":{"line":55,"column":12}},"37":{"start":{"line":57,"column":6},"end":{"line":57,"column":71}},"38":{"start":{"line":58,"column":6},"end":{"line":58,"column":12}},"39":{"start":{"line":60,"column":6},"end":{"line":60,"column":72}},"40":{"start":{"line":61,"column":6},"end":{"line":61,"column":12}},"41":{"start":{"line":63,"column":6},"end":{"line":63,"column":63}},"42":{"start":{"line":64,"column":6},"end":{"line":64,"column":12}},"43":{"start":{"line":68,"column":0},"end":{"line":68,"column":30}}},"fnMap":{"0":{"name":"errorHandler","decl":{"start":{"line":1,"column":9},"end":{"line":1,"column":21}},"loc":{"start":{"line":1,"column":43},"end":{"line":66,"column":1}},"line":1},"1":{"name":"(anonymous_1)","decl":{"start":{"line":7,"column":25},"end":{"line":7,"column":26}},"loc":{"start":{"line":7,"column":32},"end":{"line":9,"column":7}},"line":7},"2":{"name":"(anonymous_2)","decl":{"start":{"line":14,"column":25},"end":{"line":14,"column":26}},"loc":{"start":{"line":14,"column":32},"end":{"line":16,"column":7}},"line":14}},"branchMap":{"0":{"loc":{"start":{"line":5,"column":2},"end":{"line":65,"column":3}},"type":"switch","locations":[{"start":{"line":6,"column":4},"end":{"line":12,"column":12}},{"start":{"line":13,"column":4},"end":{"line":19,"column":12}},{"start":{"line":20,"column":4},"end":{"line":22,"column":12}},{"start":{"line":23,"column":4},"end":{"line":25,"column":12}},{"start":{"line":26,"column":4},"end":{"line":28,"column":12}},{"start":{"line":29,"column":4},"end":{"line":31,"column":12}},{"start":{"line":32,"column":4},"end":{"line":34,"column":12}},{"start":{"line":35,"column":4},"end":{"line":37,"column":12}},{"start":{"line":38,"column":4},"end":{"line":40,"column":12}},{"start":{"line":41,"column":4},"end":{"line":43,"column":12}},{"start":{"line":44,"column":4},"end":{"line":46,"column":12}},{"start":{"line":47,"column":4},"end":{"line":49,"column":12}},{"start":{"line":50,"column":4},"end":{"line":52,"column":12}},{"start":{"line":53,"column":4},"end":{"line":55,"column":12}},{"start":{"line":56,"column":4},"end":{"line":58,"column":12}},{"start":{"line":59,"column":4},"end":{"line":61,"column":12}},{"start":{"line":62,"column":4},"end":{"line":64,"column":12}}],"line":5}},"s":{"0":6,"1":6,"2":6,"3":3,"4":3,"5":3,"6":3,"7":3,"8":1,"9":1,"10":1,"11":1,"12":1,"13":0,"14":0,"15":0,"16":0,"17":0,"18":0,"19":0,"20":0,"21":0,"22":0,"23":0,"24":0,"25":0,"26":0,"27":0,"28":0,"29":0,"30":0,"31":0,"32":0,"33":2,"34":2,"35":0,"36":0,"37":0,"38":0,"39":0,"40":0,"41":0,"42":0,"43":1},"f":{"0":6,"1":3,"2":1},"b":{"0":[3,1,0,0,0,0,0,0,0,0,0,0,2,0,0,0,0]},"_coverageSchema":"1a1c01bbd47fc00a2c39e90264f33305004495a9","hash":"1445afd9dffe121d36e892af02aa2923c3f148cb"}
,"D:\\Users\\LENOVO\\Phase-3\\LaundFazzBE\\middlewares\\storeAuthc.js": {"path":"D:\\Users\\LENOVO\\Phase-3\\LaundFazzBE\\middlewares\\storeAuthc.js","statementMap":{"0":{"start":{"line":1,"column":24},"end":{"line":1,"column":49}},"1":{"start":{"line":2,"column":18},"end":{"line":2,"column":38}},"2":{"start":{"line":4,"column":21},"end":{"line":26,"column":1}},"3":{"start":{"line":5,"column":2},"end":{"line":25,"column":3}},"4":{"start":{"line":6,"column":29},"end":{"line":6,"column":40}},"5":{"start":{"line":7,"column":20},"end":{"line":7,"column":45}},"6":{"start":{"line":9,"column":18},"end":{"line":9,"column":55}},"7":{"start":{"line":10,"column":4},"end":{"line":14,"column":5}},"8":{"start":{"line":11,"column":6},"end":{"line":13,"column":8}},"9":{"start":{"line":16,"column":4},"end":{"line":20,"column":6}},"10":{"start":{"line":22,"column":4},"end":{"line":22,"column":11}},"11":{"start":{"line":24,"column":4},"end":{"line":24,"column":16}},"12":{"start":{"line":28,"column":0},"end":{"line":28,"column":32}}},"fnMap":{"0":{"name":"(anonymous_0)","decl":{"start":{"line":4,"column":21},"end":{"line":4,"column":22}},"loc":{"start":{"line":4,"column":47},"end":{"line":26,"column":1}},"line":4}},"branchMap":{"0":{"loc":{"start":{"line":10,"column":4},"end":{"line":14,"column":5}},"type":"if","locations":[{"start":{"line":10,"column":4},"end":{"line":14,"column":5}},{"start":{},"end":{}}],"line":10}},"s":{"0":1,"1":1,"2":1,"3":0,"4":0,"5":0,"6":0,"7":0,"8":0,"9":0,"10":0,"11":0,"12":1},"f":{"0":0},"b":{"0":[0,0]},"_coverageSchema":"1a1c01bbd47fc00a2c39e90264f33305004495a9","hash":"9d08c32442aa3c3fa84ac3ee3f51287ccfe12bad"}
,"D:\\Users\\LENOVO\\Phase-3\\LaundFazzBE\\middlewares\\storeAuthz.js": {"path":"D:\\Users\\LENOVO\\Phase-3\\LaundFazzBE\\middlewares\\storeAuthz.js","statementMap":{"0":{"start":{"line":1,"column":18},"end":{"line":1,"column":38}},"1":{"start":{"line":3,"column":22},"end":{"line":20,"column":1}},"2":{"start":{"line":4,"column":2},"end":{"line":19,"column":3}},"3":{"start":{"line":5,"column":24},"end":{"line":5,"column":33}},"4":{"start":{"line":7,"column":17},"end":{"line":7,"column":46}},"5":{"start":{"line":8,"column":4},"end":{"line":10,"column":5}},"6":{"start":{"line":9,"column":6},"end":{"line":9,"column":42}},"7":{"start":{"line":12,"column":4},"end":{"line":14,"column":5}},"8":{"start":{"line":13,"column":6},"end":{"line":13,"column":41}},"9":{"start":{"line":16,"column":4},"end":{"line":16,"column":11}},"10":{"start":{"line":18,"column":4},"end":{"line":18,"column":16}},"11":{"start":{"line":22,"column":0},"end":{"line":22,"column":31}}},"fnMap":{"0":{"name":"(anonymous_0)","decl":{"start":{"line":3,"column":22},"end":{"line":3,"column":23}},"loc":{"start":{"line":3,"column":48},"end":{"line":20,"column":1}},"line":3}},"branchMap":{"0":{"loc":{"start":{"line":8,"column":4},"end":{"line":10,"column":5}},"type":"if","locations":[{"start":{"line":8,"column":4},"end":{"line":10,"column":5}},{"start":{},"end":{}}],"line":8},"1":{"loc":{"start":{"line":12,"column":4},"end":{"line":14,"column":5}},"type":"if","locations":[{"start":{"line":12,"column":4},"end":{"line":14,"column":5}},{"start":{},"end":{}}],"line":12}},"s":{"0":1,"1":1,"2":0,"3":0,"4":0,"5":0,"6":0,"7":0,"8":0,"9":0,"10":0,"11":1},"f":{"0":0},"b":{"0":[0,0],"1":[0,0]},"_coverageSchema":"1a1c01bbd47fc00a2c39e90264f33305004495a9","hash":"2c77656155b9b900f2e4d62c1c9df5d81e30874c"}
,"D:\\Users\\LENOVO\\Phase-3\\LaundFazzBE\\models\\customer.js": {"path":"D:\\Users\\LENOVO\\Phase-3\\LaundFazzBE\\models\\customer.js","statementMap":{"0":{"start":{"line":2,"column":17},"end":{"line":2,"column":45}},"1":{"start":{"line":3,"column":18},"end":{"line":3,"column":38}},"2":{"start":{"line":4,"column":0},"end":{"line":76,"column":2}},"3":{"start":{"line":13,"column":6},"end":{"line":13,"column":76}},"4":{"start":{"line":16,"column":2},"end":{"line":74,"column":4}},"5":{"start":{"line":68,"column":10},"end":{"line":68,"column":54}},"6":{"start":{"line":75,"column":2},"end":{"line":75,"column":18}}},"fnMap":{"0":{"name":"(anonymous_0)","decl":{"start":{"line":4,"column":17},"end":{"line":4,"column":18}},"loc":{"start":{"line":4,"column":43},"end":{"line":76,"column":1}},"line":4},"1":{"name":"(anonymous_1)","decl":{"start":{"line":11,"column":4},"end":{"line":11,"column":5}},"loc":{"start":{"line":11,"column":29},"end":{"line":14,"column":5}},"line":11},"2":{"name":"(anonymous_2)","decl":{"start":{"line":67,"column":22},"end":{"line":67,"column":23}},"loc":{"start":{"line":67,"column":36},"end":{"line":69,"column":9}},"line":67}},"branchMap":{},"s":{"0":1,"1":1,"2":1,"3":1,"4":1,"5":2,"6":1},"f":{"0":1,"1":1,"2":2},"b":{},"_coverageSchema":"1a1c01bbd47fc00a2c39e90264f33305004495a9","hash":"c1a6a8459e8f5a8e089e2321f051224b8217f9bc"}
,"D:\\Users\\LENOVO\\Phase-3\\LaundFazzBE\\models\\index.js": {"path":"D:\\Users\\LENOVO\\Phase-3\\LaundFazzBE\\models\\index.js","statementMap":{"0":{"start":{"line":3,"column":11},"end":{"line":3,"column":24}},"1":{"start":{"line":4,"column":13},"end":{"line":4,"column":28}},"2":{"start":{"line":5,"column":18},"end":{"line":5,"column":38}},"3":{"start":{"line":6,"column":17},"end":{"line":6,"column":42}},"4":{"start":{"line":7,"column":12},"end":{"line":7,"column":49}},"5":{"start":{"line":8,"column":15},"end":{"line":8,"column":65}},"6":{"start":{"line":9,"column":11},"end":{"line":9,"column":13}},"7":{"start":{"line":12,"column":0},"end":{"line":16,"column":1}},"8":{"start":{"line":13,"column":2},"end":{"line":13,"column":74}},"9":{"start":{"line":15,"column":2},"end":{"line":15,"column":87}},"10":{"start":{"line":18,"column":0},"end":{"line":26,"column":5}},"11":{"start":{"line":21,"column":4},"end":{"line":21,"column":90}},"12":{"start":{"line":24,"column":18},"end":{"line":24,"column":85}},"13":{"start":{"line":25,"column":4},"end":{"line":25,"column":27}},"14":{"start":{"line":28,"column":0},"end":{"line":32,"column":3}},"15":{"start":{"line":29,"column":2},"end":{"line":31,"column":3}},"16":{"start":{"line":30,"column":4},"end":{"line":30,"column":32}},"17":{"start":{"line":34,"column":0},"end":{"line":34,"column":25}},"18":{"start":{"line":35,"column":0},"end":{"line":35,"column":25}},"19":{"start":{"line":37,"column":0},"end":{"line":37,"column":20}}},"fnMap":{"0":{"name":"(anonymous_0)","decl":{"start":{"line":20,"column":10},"end":{"line":20,"column":11}},"loc":{"start":{"line":20,"column":18},"end":{"line":22,"column":3}},"line":20},"1":{"name":"(anonymous_1)","decl":{"start":{"line":23,"column":11},"end":{"line":23,"column":12}},"loc":{"start":{"line":23,"column":19},"end":{"line":26,"column":3}},"line":23},"2":{"name":"(anonymous_2)","decl":{"start":{"line":28,"column":24},"end":{"line":28,"column":25}},"loc":{"start":{"line":28,"column":37},"end":{"line":32,"column":1}},"line":28}},"branchMap":{"0":{"loc":{"start":{"line":7,"column":12},"end":{"line":7,"column":49}},"type":"binary-expr","locations":[{"start":{"line":7,"column":12},"end":{"line":7,"column":32}},{"start":{"line":7,"column":36},"end":{"line":7,"column":49}}],"line":7},"1":{"loc":{"start":{"line":12,"column":0},"end":{"line":16,"column":1}},"type":"if","locations":[{"start":{"line":12,"column":0},"end":{"line":16,"column":1}},{"start":{"line":14,"column":7},"end":{"line":16,"column":1}}],"line":12},"2":{"loc":{"start":{"line":21,"column":11},"end":{"line":21,"column":89}},"type":"binary-expr","locations":[{"start":{"line":21,"column":12},"end":{"line":21,"column":35}},{"start":{"line":21,"column":41},"end":{"line":21,"column":58}},{"start":{"line":21,"column":64},"end":{"line":21,"column":88}}],"line":21},"3":{"loc":{"start":{"line":29,"column":2},"end":{"line":31,"column":3}},"type":"if","locations":[{"start":{"line":29,"column":2},"end":{"line":31,"column":3}},{"start":{},"end":{}}],"line":29}},"s":{"0":1,"1":1,"2":1,"3":1,"4":1,"5":1,"6":1,"7":1,"8":0,"9":1,"10":1,"11":4,"12":3,"13":3,"14":1,"15":3,"16":3,"17":1,"18":1,"19":1},"f":{"0":4,"1":3,"2":3},"b":{"0":[1,0],"1":[0,1],"2":[4,4,3],"3":[3,0]},"_coverageSchema":"1a1c01bbd47fc00a2c39e90264f33305004495a9","hash":"264142ee40731bc13f5ad3d5fee45a2ef4141d34"}
,"D:\\Users\\LENOVO\\Phase-3\\LaundFazzBE\\models\\store.js": {"path":"D:\\Users\\LENOVO\\Phase-3\\LaundFazzBE\\models\\store.js","statementMap":{"0":{"start":{"line":2,"column":17},"end":{"line":2,"column":45}},"1":{"start":{"line":3,"column":18},"end":{"line":3,"column":38}},"2":{"start":{"line":4,"column":0},"end":{"line":68,"column":2}},"3":{"start":{"line":13,"column":6},"end":{"line":13,"column":76}},"4":{"start":{"line":16,"column":2},"end":{"line":66,"column":4}},"5":{"start":{"line":60,"column":10},"end":{"line":60,"column":48}},"6":{"start":{"line":67,"column":2},"end":{"line":67,"column":15}}},"fnMap":{"0":{"name":"(anonymous_0)","decl":{"start":{"line":4,"column":17},"end":{"line":4,"column":18}},"loc":{"start":{"line":4,"column":43},"end":{"line":68,"column":1}},"line":4},"1":{"name":"(anonymous_1)","decl":{"start":{"line":11,"column":4},"end":{"line":11,"column":5}},"loc":{"start":{"line":11,"column":29},"end":{"line":14,"column":5}},"line":11},"2":{"name":"(anonymous_2)","decl":{"start":{"line":59,"column":22},"end":{"line":59,"column":23}},"loc":{"start":{"line":59,"column":33},"end":{"line":61,"column":9}},"line":59}},"branchMap":{},"s":{"0":1,"1":1,"2":1,"3":1,"4":1,"5":0,"6":1},"f":{"0":1,"1":1,"2":0},"b":{},"_coverageSchema":"1a1c01bbd47fc00a2c39e90264f33305004495a9","hash":"9627ade6d51ce4c7c0d1723db723bf82a4eb9b34"}
,"D:\\Users\\LENOVO\\Phase-3\\LaundFazzBE\\models\\transaction.js": {"path":"D:\\Users\\LENOVO\\Phase-3\\LaundFazzBE\\models\\transaction.js","statementMap":{"0":{"start":{"line":2,"column":18},"end":{"line":2,"column":38}},"1":{"start":{"line":3,"column":0},"end":{"line":51,"column":2}},"2":{"start":{"line":12,"column":6},"end":{"line":12,"column":45}},"3":{"start":{"line":13,"column":6},"end":{"line":13,"column":42}},"4":{"start":{"line":16,"column":2},"end":{"line":49,"column":4}},"5":{"start":{"line":50,"column":2},"end":{"line":50,"column":21}}},"fnMap":{"0":{"name":"(anonymous_0)","decl":{"start":{"line":3,"column":17},"end":{"line":3,"column":18}},"loc":{"start":{"line":3,"column":43},"end":{"line":51,"column":1}},"line":3},"1":{"name":"(anonymous_1)","decl":{"start":{"line":10,"column":4},"end":{"line":10,"column":5}},"loc":{"start":{"line":10,"column":29},"end":{"line":14,"column":5}},"line":10}},"branchMap":{},"s":{"0":1,"1":1,"2":1,"3":1,"4":1,"5":1},"f":{"0":1,"1":1},"b":{},"_coverageSchema":"1a1c01bbd47fc00a2c39e90264f33305004495a9","hash":"812768cd37b84d61402ed0b575da7f0227ac397d"}
,"D:\\Users\\LENOVO\\Phase-3\\LaundFazzBE\\routes\\customerTransactions.js": {"path":"D:\\Users\\LENOVO\\Phase-3\\LaundFazzBE\\routes\\customerTransactions.js","statementMap":{"0":{"start":{"line":1,"column":16},"end":{"line":1,"column":34}},"1":{"start":{"line":2,"column":15},"end":{"line":2,"column":31}},"2":{"start":{"line":3,"column":19},"end":{"line":3,"column":56}},"3":{"start":{"line":4,"column":22},"end":{"line":4,"column":68}},"4":{"start":{"line":6,"column":0},"end":{"line":6,"column":48}},"5":{"start":{"line":7,"column":0},"end":{"line":7,"column":44}},"6":{"start":{"line":8,"column":0},"end":{"line":8,"column":76}},"7":{"start":{"line":10,"column":0},"end":{"line":10,"column":24}}},"fnMap":{},"branchMap":{},"s":{"0":1,"1":1,"2":1,"3":1,"4":1,"5":1,"6":1,"7":1},"f":{},"b":{},"_coverageSchema":"1a1c01bbd47fc00a2c39e90264f33305004495a9","hash":"948635dba8648e4a468fa15ff6a3269817b12767"}
,"D:\\Users\\LENOVO\\Phase-3\\LaundFazzBE\\routes\\customers.js": {"path":"D:\\Users\\LENOVO\\Phase-3\\LaundFazzBE\\routes\\customers.js","statementMap":{"0":{"start":{"line":1,"column":16},"end":{"line":1,"column":34}},"1":{"start":{"line":2,"column":15},"end":{"line":2,"column":31}},"2":{"start":{"line":3,"column":23},"end":{"line":3,"column":62}},"3":{"start":{"line":4,"column":22},"end":{"line":4,"column":61}},"4":{"start":{"line":5,"column":19},"end":{"line":5,"column":54}},"5":{"start":{"line":6,"column":21},"end":{"line":6,"column":54}},"6":{"start":{"line":9,"column":0},"end":{"line":9,"column":46}},"7":{"start":{"line":10,"column":0},"end":{"line":10,"column":40}},"8":{"start":{"line":11,"column":0},"end":{"line":11,"column":27}},"9":{"start":{"line":12,"column":0},"end":{"line":12,"column":51}},"10":{"start":{"line":13,"column":0},"end":{"line":13,"column":57}},"11":{"start":{"line":14,"column":0},"end":{"line":14,"column":42}},"12":{"start":{"line":16,"column":0},"end":{"line":16,"column":24}}},"fnMap":{},"branchMap":{},"s":{"0":1,"1":1,"2":1,"3":1,"4":1,"5":1,"6":1,"7":1,"8":1,"9":1,"10":1,"11":1,"12":1},"f":{},"b":{},"_coverageSchema":"1a1c01bbd47fc00a2c39e90264f33305004495a9","hash":"1a3a7b241b86223ec057f84755359e2ee7d82c7e"}
,"D:\\Users\\LENOVO\\Phase-3\\LaundFazzBE\\routes\\index.js": {"path":"D:\\Users\\LENOVO\\Phase-3\\LaundFazzBE\\routes\\index.js","statementMap":{"0":{"start":{"line":1,"column":16},"end":{"line":1,"column":34}},"1":{"start":{"line":2,"column":15},"end":{"line":2,"column":31}},"2":{"start":{"line":3,"column":18},"end":{"line":3,"column":40}},"3":{"start":{"line":4,"column":15},"end":{"line":4,"column":34}},"4":{"start":{"line":6,"column":0},"end":{"line":6,"column":36}},"5":{"start":{"line":7,"column":0},"end":{"line":7,"column":30}},"6":{"start":{"line":9,"column":0},"end":{"line":9,"column":24}}},"fnMap":{},"branchMap":{},"s":{"0":1,"1":1,"2":1,"3":1,"4":1,"5":1,"6":1},"f":{},"b":{},"_coverageSchema":"1a1c01bbd47fc00a2c39e90264f33305004495a9","hash":"98837038a632835ec2509fb61d0dd10669cd04c1"}
,"D:\\Users\\LENOVO\\Phase-3\\LaundFazzBE\\routes\\storeTransactions.js": {"path":"D:\\Users\\LENOVO\\Phase-3\\LaundFazzBE\\routes\\storeTransactions.js","statementMap":{"0":{"start":{"line":1,"column":16},"end":{"line":1,"column":34}},"1":{"start":{"line":2,"column":15},"end":{"line":2,"column":31}},"2":{"start":{"line":3,"column":19},"end":{"line":3,"column":56}},"3":{"start":{"line":5,"column":0},"end":{"line":5,"column":44}},"4":{"start":{"line":6,"column":0},"end":{"line":6,"column":61}},"5":{"start":{"line":7,"column":0},"end":{"line":7,"column":58}},"6":{"start":{"line":8,"column":0},"end":{"line":8,"column":63}},"7":{"start":{"line":10,"column":0},"end":{"line":10,"column":24}}},"fnMap":{},"branchMap":{},"s":{"0":1,"1":1,"2":1,"3":1,"4":1,"5":1,"6":1,"7":1},"f":{},"b":{},"_coverageSchema":"1a1c01bbd47fc00a2c39e90264f33305004495a9","hash":"8814225c89c9c183dc70c4709fce5b4901f0cfdd"}
,"D:\\Users\\LENOVO\\Phase-3\\LaundFazzBE\\routes\\stores.js": {"path":"D:\\Users\\LENOVO\\Phase-3\\LaundFazzBE\\routes\\stores.js","statementMap":{"0":{"start":{"line":1,"column":16},"end":{"line":1,"column":34}},"1":{"start":{"line":2,"column":15},"end":{"line":2,"column":31}},"2":{"start":{"line":3,"column":19},"end":{"line":3,"column":51}},"3":{"start":{"line":4,"column":22},"end":{"line":4,"column":58}},"4":{"start":{"line":5,"column":23},"end":{"line":5,"column":59}},"5":{"start":{"line":6,"column":21},"end":{"line":6,"column":51}},"6":{"start":{"line":8,"column":0},"end":{"line":8,"column":46}},"7":{"start":{"line":9,"column":0},"end":{"line":9,"column":40}},"8":{"start":{"line":10,"column":0},"end":{"line":10,"column":27}},"9":{"start":{"line":11,"column":0},"end":{"line":11,"column":58}},"10":{"start":{"line":12,"column":0},"end":{"line":12,"column":42}},"11":{"start":{"line":14,"column":0},"end":{"line":14,"column":24}}},"fnMap":{},"branchMap":{},"s":{"0":1,"1":1,"2":1,"3":1,"4":1,"5":1,"6":1,"7":1,"8":1,"9":1,"10":1,"11":1},"f":{},"b":{},"_coverageSchema":"1a1c01bbd47fc00a2c39e90264f33305004495a9","hash":"60ac0febfc9475957972a7ad98a3919fc84e1a83"}
}
