TN:
SF:app.js
FNF:0
FNH:0
DA:1,1
DA:2,0
DA:5,1
DA:6,1
DA:7,1
DA:8,1
DA:9,1
DA:11,1
DA:12,1
DA:13,1
DA:15,1
DA:17,1
DA:19,1
LF:13
LH:12
BRDA:1,0,0,0
BRDA:1,0,1,1
BRF:2
BRH:1
end_of_record
TN:
SF:controllers\customers.js
FN:11,(anonymous_0)
FN:34,(anonymous_1)
FN:48,(anonymous_2)
FN:88,(anonymous_3)
FN:108,(anonymous_4)
FNF:5
FNH:2
FNDA:5,(anonymous_0)
FNDA:0,(anonymous_1)
FNDA:3,(anonymous_2)
FNDA:0,(anonymous_3)
FNDA:0,(anonymous_4)
DA:1,1
DA:2,1
DA:3,1
DA:4,1
DA:8,1
DA:12,5
DA:13,5
DA:14,5
DA:15,5
DA:26,1
DA:27,1
DA:34,1
DA:35,0
DA:36,0
DA:38,0
DA:41,1
DA:43,4
DA:44,4
DA:49,3
DA:50,3
DA:52,3
DA:54,3
DA:60,3
DA:61,2
DA:66,1
DA:68,1
DA:69,0
DA:74,1
DA:80,1
DA:82,1
DA:84,2
DA:89,0
DA:90,0
DA:91,0
DA:97,0
DA:98,0
DA:102,0
DA:104,0
DA:109,0
DA:110,0
DA:111,0
DA:112,0
DA:119,0
DA:120,0
DA:122,0
DA:123,0
DA:128,1
LF:47
LH:28
BRDA:35,0,0,0
BRDA:35,0,1,0
BRDA:52,1,0,0
BRDA:52,1,1,3
BRDA:52,2,0,3
BRDA:52,2,1,3
BRDA:60,3,0,2
BRDA:60,3,1,1
BRDA:68,4,0,0
BRDA:68,4,1,1
BRDA:97,5,0,0
BRDA:97,5,1,0
BRF:12
BRH:6
end_of_record
TN:
SF:controllers\stores.js
FN:10,(anonymous_0)
FN:32,(anonymous_1)
FN:72,(anonymous_2)
FN:92,(anonymous_3)
FNF:4
FNH:0
FNDA:0,(anonymous_0)
FNDA:0,(anonymous_1)
FNDA:0,(anonymous_2)
FNDA:0,(anonymous_3)
DA:1,1
DA:2,1
DA:3,1
DA:7,1
DA:11,0
DA:12,0
DA:13,0
DA:14,0
DA:24,0
DA:25,0
DA:27,0
DA:28,0
DA:33,0
DA:34,0
DA:36,0
DA:38,0
DA:44,0
DA:45,0
DA:50,0
DA:52,0
DA:53,0
DA:58,0
DA:64,0
DA:66,0
DA:68,0
DA:73,0
DA:74,0
DA:75,0
DA:81,0
DA:82,0
DA:86,0
DA:88,0
DA:93,0
DA:94,0
DA:95,0
DA:96,0
DA:103,0
DA:104,0
DA:106,0
DA:107,0
DA:112,1
LF:41
LH:5
BRDA:36,0,0,0
BRDA:36,0,1,0
BRDA:36,1,0,0
BRDA:36,1,1,0
BRDA:44,2,0,0
BRDA:44,2,1,0
BRDA:52,3,0,0
BRDA:52,3,1,0
BRDA:81,4,0,0
BRDA:81,4,1,0
BRF:10
BRH:0
end_of_record
TN:
SF:controllers\transaction.js
FN:8,(anonymous_0)
FN:31,(anonymous_1)
FN:43,(anonymous_2)
FN:59,(anonymous_3)
FN:79,(anonymous_4)
FN:118,(anonymous_5)
FNF:6
FNH:0
FNDA:0,(anonymous_0)
FNDA:0,(anonymous_1)
FNDA:0,(anonymous_2)
FNDA:0,(anonymous_3)
FNDA:0,(anonymous_4)
FNDA:0,(anonymous_5)
DA:1,1
DA:5,1
DA:9,0
DA:10,0
DA:11,0
DA:12,0
DA:13,0
DA:23,0
DA:24,0
DA:26,0
DA:27,0
DA:32,0
DA:33,0
DA:37,0
DA:39,0
DA:44,0
DA:45,0
DA:46,0
DA:53,0
DA:55,0
DA:60,0
DA:61,0
DA:62,0
DA:68,0
DA:69,0
DA:73,0
DA:75,0
DA:80,0
DA:81,0
DA:82,0
DA:83,0
DA:85,0
DA:87,0
DA:88,0
DA:91,0
DA:107,0
DA:108,0
DA:113,0
DA:114,0
DA:119,0
DA:120,0
DA:121,0
DA:123,0
DA:125,0
DA:126,0
DA:129,0
DA:136,0
DA:137,0
DA:139,0
DA:140,0
DA:145,1
LF:51
LH:3
BRDA:68,0,0,0
BRDA:68,0,1,0
BRDA:87,1,0,0
BRDA:87,1,1,0
BRDA:125,2,0,0
BRDA:125,2,1,0
BRF:6
BRH:0
end_of_record
TN:
SF:helpers\bcrypt.js
FN:3,hash
FN:7,compare
FNF:2
FNH:2
FNDA:2,hash
FNDA:1,compare
DA:1,1
DA:4,2
DA:8,1
DA:11,1
LF:4
LH:4
BRF:0
BRH:0
end_of_record
TN:
SF:helpers\jwt.js
FN:4,signToken
FN:8,verifyToken
FNF:2
FNH:1
FNDA:1,signToken
FNDA:0,verifyToken
DA:1,1
DA:2,1
DA:5,1
DA:9,0
DA:12,1
LF:5
LH:4
BRDA:2,0,0,1
BRDA:2,0,1,1
BRF:2
BRH:2
end_of_record
TN:
SF:helpers\nodemailer.js
FNF:0
FNH:0
DA:1,1
DA:2,1
DA:10,1
LF:3
LH:3
BRF:0
BRH:0
end_of_record
TN:
SF:middlewares\custTransactionAuthz.js
FN:3,(anonymous_0)
FNF:1
FNH:0
FNDA:0,(anonymous_0)
DA:1,1
DA:3,1
DA:4,0
DA:5,0
DA:7,0
DA:12,0
DA:13,0
DA:16,0
DA:17,0
DA:20,0
DA:22,0
DA:26,1
LF:12
LH:3
BRDA:12,0,0,0
BRDA:12,0,1,0
BRDA:16,1,0,0
BRDA:16,1,1,0
BRF:4
BRH:0
end_of_record
TN:
SF:middlewares\customerAuthc.js
FN:4,(anonymous_0)
FNF:1
FNH:0
FNDA:0,(anonymous_0)
DA:1,1
DA:2,1
DA:4,1
DA:5,0
DA:6,0
DA:7,0
DA:9,0
DA:10,0
DA:11,0
DA:16,0
DA:22,0
DA:24,0
DA:28,1
LF:13
LH:4
BRDA:10,0,0,0
BRDA:10,0,1,0
BRF:2
BRH:0
end_of_record
TN:
SF:middlewares\customerAuthz.js
FN:3,(anonymous_0)
FNF:1
FNH:0
FNDA:0,(anonymous_0)
DA:1,1
DA:3,1
DA:4,0
DA:5,0
DA:7,0
DA:8,0
DA:9,0
DA:12,0
DA:13,0
DA:16,0
DA:18,0
DA:22,1
LF:12
LH:3
BRDA:8,0,0,0
BRDA:8,0,1,0
BRDA:12,1,0,0
BRDA:12,1,1,0
BRF:4
BRH:0
end_of_record
TN:
SF:middlewares\errorHandler.js
FN:1,errorHandler
FN:7,(anonymous_1)
FN:14,(anonymous_2)
FNF:3
FNH:3
FNDA:6,errorHandler
FNDA:3,(anonymous_1)
FNDA:1,(anonymous_2)
DA:2,6
DA:4,6
DA:5,6
DA:7,3
DA:8,3
DA:10,3
DA:11,3
DA:12,3
DA:14,1
DA:15,1
DA:17,1
DA:18,1
DA:19,1
DA:21,0
DA:22,0
DA:24,0
DA:25,0
DA:27,0
DA:28,0
DA:30,0
DA:31,0
DA:33,0
DA:34,0
DA:36,0
DA:37,0
DA:39,0
DA:40,0
DA:42,0
DA:43,0
DA:45,0
DA:46,0
DA:48,0
DA:49,0
DA:51,2
DA:52,2
DA:54,0
DA:55,0
DA:57,0
DA:58,0
DA:60,0
DA:61,0
DA:63,0
DA:64,0
DA:68,1
LF:44
LH:16
BRDA:5,0,0,3
BRDA:5,0,1,1
BRDA:5,0,2,0
BRDA:5,0,3,0
BRDA:5,0,4,0
BRDA:5,0,5,0
BRDA:5,0,6,0
BRDA:5,0,7,0
BRDA:5,0,8,0
BRDA:5,0,9,0
BRDA:5,0,10,0
BRDA:5,0,11,0
BRDA:5,0,12,2
BRDA:5,0,13,0
BRDA:5,0,14,0
BRDA:5,0,15,0
BRDA:5,0,16,0
BRF:17
BRH:3
end_of_record
TN:
SF:middlewares\storeAuthc.js
FN:4,(anonymous_0)
FNF:1
FNH:0
FNDA:0,(anonymous_0)
DA:1,1
DA:2,1
DA:4,1
DA:5,0
DA:6,0
DA:7,0
DA:9,0
DA:10,0
DA:11,0
DA:16,0
DA:22,0
DA:24,0
DA:28,1
LF:13
LH:4
BRDA:10,0,0,0
BRDA:10,0,1,0
BRF:2
BRH:0
end_of_record
TN:
SF:middlewares\storeAuthz.js
FN:3,(anonymous_0)
FNF:1
FNH:0
FNDA:0,(anonymous_0)
DA:1,1
DA:3,1
DA:4,0
DA:5,0
DA:7,0
DA:8,0
DA:9,0
DA:12,0
DA:13,0
DA:16,0
DA:18,0
DA:22,1
LF:12
LH:3
BRDA:8,0,0,0
BRDA:8,0,1,0
BRDA:12,1,0,0
BRDA:12,1,1,0
BRF:4
BRH:0
end_of_record
TN:
SF:models\customer.js
FN:4,(anonymous_0)
FN:11,(anonymous_1)
FN:67,(anonymous_2)
FNF:3
FNH:3
FNDA:1,(anonymous_0)
FNDA:1,(anonymous_1)
FNDA:2,(anonymous_2)
DA:2,1
DA:3,1
DA:4,1
DA:13,1
DA:16,1
DA:68,2
DA:75,1
LF:7
LH:7
BRF:0
BRH:0
end_of_record
TN:
SF:models\index.js
FN:20,(anonymous_0)
FN:23,(anonymous_1)
FN:28,(anonymous_2)
FNF:3
FNH:3
FNDA:4,(anonymous_0)
FNDA:3,(anonymous_1)
FNDA:3,(anonymous_2)
DA:3,1
DA:4,1
DA:5,1
DA:6,1
DA:7,1
DA:8,1
DA:9,1
DA:12,1
DA:13,0
DA:15,1
DA:18,1
DA:21,4
DA:24,3
DA:25,3
DA:28,1
DA:29,3
DA:30,3
DA:34,1
DA:35,1
DA:37,1
LF:20
LH:19
BRDA:7,0,0,1
BRDA:7,0,1,0
BRDA:12,1,0,0
BRDA:12,1,1,1
BRDA:21,2,0,4
BRDA:21,2,1,4
BRDA:21,2,2,3
BRDA:29,3,0,3
BRDA:29,3,1,0
BRF:9
BRH:6
end_of_record
TN:
SF:models\store.js
FN:4,(anonymous_0)
FN:11,(anonymous_1)
FN:59,(anonymous_2)
FNF:3
FNH:2
FNDA:1,(anonymous_0)
FNDA:1,(anonymous_1)
FNDA:0,(anonymous_2)
DA:2,1
DA:3,1
DA:4,1
DA:13,1
DA:16,1
DA:60,0
DA:67,1
LF:7
LH:6
BRF:0
BRH:0
end_of_record
TN:
SF:models\transaction.js
FN:3,(anonymous_0)
FN:10,(anonymous_1)
FNF:2
FNH:2
FNDA:1,(anonymous_0)
FNDA:1,(anonymous_1)
DA:2,1
DA:3,1
DA:12,1
DA:13,1
DA:16,1
DA:50,1
LF:6
LH:6
BRF:0
BRH:0
end_of_record
TN:
SF:routes\customerTransactions.js
FNF:0
FNH:0
DA:1,1
DA:2,1
DA:3,1
DA:4,1
DA:6,1
DA:7,1
DA:8,1
DA:10,1
LF:8
LH:8
BRF:0
BRH:0
end_of_record
TN:
SF:routes\customers.js
FNF:0
FNH:0
DA:1,1
DA:2,1
DA:3,1
DA:4,1
DA:5,1
DA:6,1
DA:9,1
DA:10,1
DA:11,1
DA:12,1
DA:13,1
DA:14,1
DA:16,1
LF:13
LH:13
BRF:0
BRH:0
end_of_record
TN:
SF:routes\index.js
FNF:0
FNH:0
DA:1,1
DA:2,1
DA:3,1
DA:4,1
DA:6,1
DA:7,1
DA:9,1
LF:7
LH:7
BRF:0
BRH:0
end_of_record
TN:
SF:routes\storeTransactions.js
FNF:0
FNH:0
DA:1,1
DA:2,1
DA:3,1
DA:5,1
DA:6,1
DA:7,1
DA:8,1
DA:10,1
LF:8
LH:8
BRF:0
BRH:0
end_of_record
TN:
SF:routes\stores.js
FNF:0
FNH:0
DA:1,1
DA:2,1
DA:3,1
DA:4,1
DA:5,1
DA:6,1
DA:8,1
DA:9,1
DA:10,1
DA:11,1
DA:12,1
DA:14,1
LF:12
LH:12
BRF:0
BRH:0
end_of_record
